<?xml version="1.0" encoding="utf-8"?><testsuites name="pytest tests"><testsuite name="pytest" errors="0" failures="0" skipped="0" tests="16" time="1.337" timestamp="2025-06-29T03:58:09.140613+00:00" hostname="f429d04bafad"><testcase classname="src.tests.test_analyze_games_tactics_parallel_simple.TestAnalyzeGameParallelFunction" name="test_analyze_game_parallel_successful_analysis" time="0.702" /><testcase classname="src.tests.test_analyze_games_tactics_parallel_simple.TestAnalyzeGameParallelFunction" name="test_analyze_game_parallel_empty_pgn" time="0.002" /><testcase classname="src.tests.test_analyze_games_tactics_parallel_simple.TestAnalyzeGameParallelFunction" name="test_analyze_game_parallel_invalid_pgn" time="0.002" /><testcase classname="src.tests.test_analyze_games_tactics_parallel_simple.TestAnalyzeGameParallelFunction" name="test_analyze_game_parallel_no_tactics_detected" time="0.008" /><testcase classname="src.tests.test_analyze_games_tactics_parallel_simple.TestRunParallelAnalysisFromDbFunction" name="test_run_parallel_analysis_no_games_available" time="0.002" /><testcase classname="src.tests.test_analyze_games_tactics_parallel_simple.TestRunParallelAnalysisFromDbFunction" name="test_run_parallel_analysis_with_analyzed_games" time="0.002" /><testcase classname="src.tests.test_analyze_games_tactics_parallel_simple.TestEnvironmentVariableHandling" name="test_environment_variables_loaded" time="0.000" /><testcase classname="src.tests.test_analyze_games_tactics_parallel_simple.TestEnvironmentVariableHandling" name="test_environment_variables_set" time="0.003" /><testcase classname="src.tests.test_analyze_games_tactics_parallel_simple.TestDataFrameHandling" name="test_empty_tags_dataframe_creation" time="0.001" /><testcase classname="src.tests.test_analyze_games_tactics_parallel_simple.TestDataFrameHandling" name="test_tags_dataframe_creation_with_data" time="0.001" /><testcase classname="src.tests.test_analyze_games_tactics_parallel_simple.TestDataFrameHandling" name="test_tags_dataframe_expected_columns" time="0.001" /><testcase classname="src.tests.test_analyze_games_tactics_parallel_simple.TestErrorHandling" name="test_database_connection_error" time="0.002" /><testcase classname="src.tests.test_analyze_games_tactics_parallel_simple.TestErrorHandling" name="test_tactics_detection_error" time="0.007" /><testcase classname="src.tests.test_analyze_games_tactics_parallel_simple" name="test_invalid_pgn_inputs[-None]" time="0.002" /><testcase classname="src.tests.test_analyze_games_tactics_parallel_simple" name="test_invalid_pgn_inputs[   -None]" time="0.002" /><testcase classname="src.tests.test_analyze_games_tactics_parallel_simple" name="test_invalid_pgn_inputs[None-None]" time="0.002" /></testsuite></testsuites>